#
# A fatal error has been detected by the Java Runtime Environment:
#
#  SIGSEGV (0xb) at pc=0x0000000000000000, pid=22101, tid=7683
#
# JRE version: OpenJDK Runtime Environment AdoptOpenJDK-11.0.11+9 (11.0.11+9) (build 11.0.11+9)
# Java VM: OpenJDK 64-Bit Server VM AdoptOpenJDK-11.0.11+9 (11.0.11+9, mixed mode, tiered, compressed oops, g1 gc, bsd-amd64)
# Problematic frame:
# C  0x0000000000000000
#
# No core dump will be written. Core dumps have been disabled. To enable core dumping, try "ulimit -c unlimited" before starting Java again
#
# If you would like to submit a bug report, please visit:
#   https://github.com/AdoptOpenJDK/openjdk-support/issues
#

---------------  S U M M A R Y ------------

Command Line: -XX:TieredStopAtLevel=1 -Xverify:none -Dspring.output.ansi.enabled=always -Dcom.sun.management.jmxremote -Dspring.jmx.enabled=true -Dspring.liveBeansView.mbeanDomain -Dspring.application.admin.enabled=true -javaagent:/Applications/IntelliJ IDEA.app/Contents/lib/idea_rt.jar=64047:/Applications/IntelliJ IDEA.app/Contents/bin -agentpath:/private/var/folders/jw/b8zlm93s1fjghcyg_2cl67940000gn/T/libasyncProfiler.so=start,jfr,event=cpu,interval=1ms,event=alloc,file=/Users/aniket.ghosh/FinalProjectApplication_2022_01_27_125144.jfr -Dfile.encoding=UTF-8 com.example.finalproject.FinalProjectApplication

Host: MacBookPro17,1 x86_64 2400 MHz, 8 cores, 8G, Darwin 21.2.0
Time: Thu Jan 27 12:51:48 2022 IST elapsed time: 4.497853 seconds (0d 0h 0m 4s)

---------------  T H R E A D  ---------------

Current thread (0x00007ff25500f000):  JavaThread "main" [_thread_in_vm, id=7683, stack(0x000000030898d000,0x0000000308a8d000)]

Stack: [0x000000030898d000,0x0000000308a8d000],  sp=0x0000000308a8b738,  free space=1017k
Java frames: (J=compiled Java code, j=interpreted, Vv=VM code)
j  java.util.zip.ZipFile$ZipFileInflaterInputStream.<init>(Ljava/util/zip/ZipFile;Ljava/util/zip/ZipFile$ZipFileInputStream;Ljava/util/zip/ZipFile$CleanableResource;Ljava/util/zip/Inflater;I)V+24 java.base@11.0.11
j  java.util.zip.ZipFile$ZipFileInflaterInputStream.<init>(Ljava/util/zip/ZipFile;Ljava/util/zip/ZipFile$ZipFileInputStream;Ljava/util/zip/ZipFile$CleanableResource;I)V+10 java.base@11.0.11
j  java.util.zip.ZipFile.getInputStream(Ljava/util/zip/ZipEntry;)Ljava/io/InputStream;+264 java.base@11.0.11
j  java.util.jar.JarFile.getInputStream(Ljava/util/zip/ZipEntry;)Ljava/io/InputStream;+13 java.base@11.0.11
j  jdk.internal.loader.URLClassPath$JarLoader$2.getInputStream()Ljava/io/InputStream;+11 java.base@11.0.11
J 1116 c1 jdk.internal.loader.Resource.cachedInputStream()Ljava/io/InputStream; java.base@11.0.11 (20 bytes) @ 0x00000001169a888c [0x00000001169a8740+0x000000000000014c]
j  jdk.internal.loader.Resource.getByteBuffer()Ljava/nio/ByteBuffer;+1 java.base@11.0.11
j  jdk.internal.loader.BuiltinClassLoader.defineClass(Ljava/lang/String;Ljdk/internal/loader/Resource;)Ljava/lang/Class;+45 java.base@11.0.11
j  jdk.internal.loader.BuiltinClassLoader.findClassOnClassPathOrNull(Ljava/lang/String;)Ljava/lang/Class;+37 java.base@11.0.11
J 1066 c1 jdk.internal.loader.BuiltinClassLoader.loadClassOrNull(Ljava/lang/String;Z)Ljava/lang/Class; java.base@11.0.11 (143 bytes) @ 0x000000011697b014 [0x000000011697ab20+0x00000000000004f4]
J 1203 c1 jdk.internal.loader.ClassLoaders$AppClassLoader.loadClass(Ljava/lang/String;Z)Ljava/lang/Class; java.base@11.0.11 (40 bytes) @ 0x00000001169d04d4 [0x00000001169d0380+0x0000000000000154]
J 1197 c1 java.lang.ClassLoader.loadClass(Ljava/lang/String;)Ljava/lang/Class; java.base@11.0.11 (7 bytes) @ 0x00000001169ce884 [0x00000001169ce840+0x0000000000000044]
v  ~StubRoutines::call_stub
J 1215  java.lang.Class.forName0(Ljava/lang/String;ZLjava/lang/ClassLoader;Ljava/lang/Class;)Ljava/lang/Class; java.base@11.0.11 (0 bytes) @ 0x00000001169d45ca [0x00000001169d4540+0x000000000000008a]
j  java.lang.Class.forName(Ljava/lang/String;ZLjava/lang/ClassLoader;)Ljava/lang/Class;+43 java.base@11.0.11
j  org.springframework.util.ClassUtils.forName(Ljava/lang/String;Ljava/lang/ClassLoader;)Ljava/lang/Class;+176
j  org.springframework.boot.SpringApplication.createSpringFactoriesInstances(Ljava/lang/Class;[Ljava/lang/Class;Ljava/lang/ClassLoader;[Ljava/lang/Object;Ljava/util/Set;)Ljava/util/List;+50
j  org.springframework.boot.SpringApplication.getSpringFactoriesInstances(Ljava/lang/Class;[Ljava/lang/Class;[Ljava/lang/Object;)Ljava/util/Collection;+29
j  org.springframework.boot.SpringApplication.getSpringFactoriesInstances(Ljava/lang/Class;)Ljava/util/Collection;+10
j  org.springframework.boot.SpringApplication.<init>(Lorg/springframework/core/io/ResourceLoader;[Ljava/lang/Class;)V+142
j  org.springframework.boot.SpringApplication.<init>([Ljava/lang/Class;)V+3
j  org.springframework.boot.SpringApplication.run([Ljava/lang/Class;[Ljava/lang/String;)Lorg/springframework/context/ConfigurableApplicationContext;+5
j  org.springframework.boot.SpringApplication.run(Ljava/lang/Class;[Ljava/lang/String;)Lorg/springframework/context/ConfigurableApplicationContext;+9
j  com.example.finalproject.FinalProjectApplication.main([Ljava/lang/String;)V+3
v  ~StubRoutines::call_stub

siginfo: si_signo: 11 (SIGSEGV), si_code: 1 (SEGV_MAPERR), si_addr: 0x0000000000000000

Register to memory mapping:

RAX=0x0 is NULL
RBX=0x0000000308a8b750 is pointing into the stack for thread: 0x00007ff25500f000
RCX=0x00007ff25500f000 is a thread
RDX=0x0000000000000018 is an unknown value
RSP=0x0000000308a8b738 is pointing into the stack for thread: 0x00007ff25500f000
RBP=0x000000010bd04210: _ZN12MemAllocator10Allocation17notify_allocationEv+0x16 in /Library/Java/JavaVirtualMachines/adoptopenjdk-11.jdk/Contents/Home/lib/server/libjvm.dylib at 0x000000010b74a000
RSI=0x0000000786a00c50 is an oop: java.util.zip.ZipFile$InflaterCleanupAction 
{0x0000000786a00c50} - klass: 'java/util/zip/ZipFile$InflaterCleanupAction'
RDI=0x0000000308a8b708 is pointing into the stack for thread: 0x00007ff25500f000
R8 =0x00007ff25500f000 is a thread
R9 =0x00007ff25500f000 is a thread
R10=0x000000010c1252e0: _ZN19TemplateInterpreter13_active_tableE+0x4000 in /Library/Java/JavaVirtualMachines/adoptopenjdk-11.jdk/Contents/Home/lib/server/libjvm.dylib at 0x000000010b74a000
R11=0x00000001169818c0 is at entry_point+0 in (nmethod*)0x0000000116981710
R12=0x0 is NULL
R13=0x000000012c36e418 is pointing into metadata
R14=0x0000000000200020 is an unknown value
R15=0x00007ff25500f000 is a thread


Registers:
RAX=0x0000000000000000, RBX=0x0000000308a8b750, RCX=0x00007ff25500f000, RDX=0x0000000000000018
RSP=0x0000000308a8b738, RBP=0x000000010bd04210, RSI=0x0000000786a00c50, RDI=0x0000000308a8b708
R8 =0x00007ff25500f000, R9 =0x00007ff25500f000, R10=0x000000010c1252e0, R11=0x00000001169818c0
R12=0x0000000000000000, R13=0x000000012c36e418, R14=0x0000000000200020, R15=0x00007ff25500f000
RIP=0x0000000000000000, EFLAGS=0x0000000000000212, ERR=0x0000000000000004
  TRAPNO=0x000000000000000e

Top of Stack: (sp=0x0000000308a8b738)
0x0000000308a8b738:   0000000308a8b7a8 0000000308a8b790
0x0000000308a8b748:   000000010bd0460b 0000000308a8b7a8
0x0000000308a8b758:   00007ff25500f000 0000000308a8b780
0x0000000308a8b768:   000000010bb10000 000000000000f5c5
0x0000000308a8b778:   00007ff25500f000 0000000786a00c50
0x0000000308a8b788:   000000010c0a0680 0000000308a8b7d0
0x0000000308a8b798:   000000010b967150 0000000000000000
0x0000000308a8b7a8:   000000010c0abf80 00007ff254011e00
0x0000000308a8b7b8:   00007ff25500f000 000000080007d870
0x0000000308a8b7c8:   0000000000000003 0000000308a8b800
0x0000000308a8b7d8:   000000010bae3268 000000010c0a4e00
0x0000000308a8b7e8:   00007ff25500f000 000000080007d870
0x0000000308a8b7f8:   00007ff25500f000 0000000308a8b830
0x0000000308a8b808:   000000010baf3237 0000000000000000
0x0000000308a8b818:   00007ff25500f000 0000000000000018
0x0000000308a8b828:   0000000308a8b8e8 0000000308a8b8b0
0x0000000308a8b838:   00000001160b4eb9 0000000308a8b8b0
0x0000000308a8b848:   00000001160b4e85 0000000786bff260
0x0000000308a8b858:   0000000787e0b0c8 0000000786bff260
0x0000000308a8b868:   0000000308a8b868 000000012c36e418
0x0000000308a8b878:   0000000308a8b8e8 000000012c370040
0x0000000308a8b888:   0000000000000000 0000000787ed2748
0x0000000308a8b898:   000000012c36e478 0000000000000000
0x0000000308a8b8a8:   0000000308a8b8c0 0000000308a8b938
0x0000000308a8b8b8:   00000001160a0f67 0000000000000c3f
0x0000000308a8b8c8:   00000007876027d0 0000000787ed5990
0x0000000308a8b8d8:   0000000786bff230 0000000787ed5930
0x0000000308a8b8e8:   0000000786bff260 0000000308a8b8f0
0x0000000308a8b8f8:   000000012c36e332 0000000308a8b968
0x0000000308a8b908:   000000012c370040 0000000000000000
0x0000000308a8b918:   0000000787ed2748 000000012c36e370
0x0000000308a8b928:   0000000308a8b8c0 0000000308a8b948 

Instructions: (pc=0x0000000000000000)
0xffffffffffffff00:   


Stack slot to memory mapping:
stack at sp + 0 slots: 0x0000000308a8b7a8 is pointing into the stack for thread: 0x00007ff25500f000
stack at sp + 1 slots: 0x0000000308a8b790 is pointing into the stack for thread: 0x00007ff25500f000
stack at sp + 2 slots: 0x000000010bd0460b: _ZNK12MemAllocator8allocateEv+0x71 in /Library/Java/JavaVirtualMachines/adoptopenjdk-11.jdk/Contents/Home/lib/server/libjvm.dylib at 0x000000010b74a000
stack at sp + 3 slots: 0x0000000308a8b7a8 is pointing into the stack for thread: 0x00007ff25500f000
stack at sp + 4 slots: 0x00007ff25500f000 is a thread
stack at sp + 5 slots: 0x0000000308a8b780 is pointing into the stack for thread: 0x00007ff25500f000
stack at sp + 6 slots: 0x000000010bb10000: _ZN24JfrEventClassTransformer17on_klass_creationERP13InstanceKlassR15ClassFileParserP6Thread+0x1f4c in /Library/Java/JavaVirtualMachines/adoptopenjdk-11.jdk/Contents/Home/lib/server/libjvm.dylib at 0x000000010b74a000
stack at sp + 7 slots: 0x000000000000f5c5 is an unknown value


---------------  P R O C E S S  ---------------

Threads class SMR info:
_java_thread_list=0x0000600003e48b00, length=14, elements={
0x00007ff25500f000, 0x00007ff25583f800, 0x00007ff254010800, 0x00007ff255840000,
0x00007ff255808800, 0x00007ff255841000, 0x00007ff25505c000, 0x00007ff255120000,
0x00007ff255865800, 0x00007ff25505d000, 0x00007ff25432e800, 0x00007ff254344000,
0x00007ff25543d800, 0x00007ff255938000
}

Java Threads: ( => current thread )
=>0x00007ff25500f000 JavaThread "main" [_thread_in_vm, id=7683, stack(0x000000030898d000,0x0000000308a8d000)]
  0x00007ff25583f800 JavaThread "Reference Handler" daemon [_thread_blocked, id=16131, stack(0x00000003090a2000,0x00000003091a2000)]
  0x00007ff254010800 JavaThread "Finalizer" daemon [_thread_blocked, id=22019, stack(0x00000003091a5000,0x00000003092a5000)]
  0x00007ff255840000 JavaThread "Signal Dispatcher" daemon [_thread_blocked, id=40195, stack(0x00000003093b7000,0x00000003094b7000)]
  0x00007ff255808800 JavaThread "Service Thread" daemon [_thread_blocked, id=23299, stack(0x00000003094ba000,0x00000003095ba000)]
  0x00007ff255841000 JavaThread "C1 CompilerThread0" daemon [_thread_blocked, id=39171, stack(0x00000003095bd000,0x00000003096bd000)]
  0x00007ff25505c000 JavaThread "Sweeper thread" daemon [_thread_blocked, id=24067, stack(0x00000003096c0000,0x00000003097c0000)]
  0x00007ff255120000 JavaThread "Common-Cleaner" daemon [_thread_blocked, id=37635, stack(0x00000003097c3000,0x00000003098c3000)]
  0x00007ff255865800 JavaThread "Monitor Ctrl-Break" daemon [_thread_in_native, id=24579, stack(0x00000003098c6000,0x00000003099c6000)]
  0x00007ff25505d000 JavaThread "Async-profiler Timer" daemon [_thread_in_native, id=36115, stack(0x00000003099c9000,0x0000000309a49000)]
  0x00007ff25432e800 JavaThread "RMI TCP Accept-0" daemon [_thread_in_native, id=35223, stack(0x0000000309acf000,0x0000000309bcf000)]
  0x00007ff254344000 JavaThread "Attach Listener" daemon [_thread_blocked, id=27831, stack(0x0000000309cd5000,0x0000000309dd5000)]
  0x00007ff25543d800 JavaThread "RMI TCP Connection(1)-127.0.0.1" daemon [_thread_in_native, id=33539, stack(0x0000000309dd8000,0x0000000309ed8000)]
  0x00007ff255938000 JavaThread "RMI Scheduler(0)" daemon [_thread_blocked, id=28675, stack(0x0000000309edb000,0x0000000309fdb000)]

Other Threads:
  0x00007ff255053800 VMThread "VM Thread" [stack: 0x0000000308f9f000,0x000000030909f000] [id=17155]
  0x00007ff2553a3800 WatcherThread [stack: 0x0000000309bd2000,0x0000000309cd2000] [id=27107]
  0x00007ff254018000 GCTaskThread "GC Thread#0" [stack: 0x0000000308a90000,0x0000000308b90000] [id=13571]
  0x00007ff254039000 ConcurrentGCThread "G1 Main Marker" [stack: 0x0000000308b93000,0x0000000308c93000] [id=14083]
  0x00007ff25403a000 ConcurrentGCThread "G1 Conc#0" [stack: 0x0000000308c96000,0x0000000308d96000] [id=14595]
  0x00007ff25409a800 ConcurrentGCThread "G1 Refine#0" [stack: 0x0000000308d99000,0x0000000308e99000] [id=14851]
  0x00007ff25580e000 ConcurrentGCThread "G1 Young RemSet Sampling" [stack: 0x0000000308e9c000,0x0000000308f9c000] [id=18179]

Threads with active compile tasks:

VM state:not at safepoint (normal execution)

VM Mutex/Monitor currently owned by a thread: None

Heap address: 0x0000000780000000, size: 2048 MB, Compressed Oops mode: Zero based, Oop shift amount: 3
Narrow klass base: 0x0000000800000000, Narrow klass shift: 0
Compressed class space size: 1073741824 Address: 0x0000000800000000

Heap:
 garbage-first heap   total 131072K, used 20480K [0x0000000780000000, 0x0000000800000000)
  region size 1024K, 22 young (22528K), 0 survivors (0K)
 Metaspace       used 14676K, capacity 15145K, committed 15360K, reserved 1062912K
  class space    used 1573K, capacity 1741K, committed 1792K, reserved 1048576K
Heap Regions: E=young(eden), S=young(survivor), O=old, HS=humongous(starts), HC=humongous(continues), CS=collection set, F=free, A=archive, TAMS=top-at-mark-start (previous, next)
|   0|0x0000000780000000, 0x0000000780000000, 0x0000000780100000|  0%| F|  |TAMS 0x0000000780000000, 0x0000000780000000| Untracked 
|   1|0x0000000780100000, 0x0000000780100000, 0x0000000780200000|  0%| F|  |TAMS 0x0000000780100000, 0x0000000780100000| Untracked 
|   2|0x0000000780200000, 0x0000000780200000, 0x0000000780300000|  0%| F|  |TAMS 0x0000000780200000, 0x0000000780200000| Untracked 
|   3|0x0000000780300000, 0x0000000780300000, 0x0000000780400000|  0%| F|  |TAMS 0x0000000780300000, 0x0000000780300000| Untracked 
|   4|0x0000000780400000, 0x0000000780400000, 0x0000000780500000|  0%| F|  |TAMS 0x0000000780400000, 0x0000000780400000| Untracked 
|   5|0x0000000780500000, 0x0000000780500000, 0x0000000780600000|  0%| F|  |TAMS 0x0000000780500000, 0x0000000780500000| Untracked 
|   6|0x0000000780600000, 0x0000000780600000, 0x0000000780700000|  0%| F|  |TAMS 0x0000000780600000, 0x0000000780600000| Untracked 
|   7|0x0000000780700000, 0x0000000780700000, 0x0000000780800000|  0%| F|  |TAMS 0x0000000780700000, 0x0000000780700000| Untracked 
|   8|0x0000000780800000, 0x0000000780800000, 0x0000000780900000|  0%| F|  |TAMS 0x0000000780800000, 0x0000000780800000| Untracked 
|   9|0x0000000780900000, 0x0000000780900000, 0x0000000780a00000|  0%| F|  |TAMS 0x0000000780900000, 0x0000000780900000| Untracked 
|  10|0x0000000780a00000, 0x0000000780a00000, 0x0000000780b00000|  0%| F|  |TAMS 0x0000000780a00000, 0x0000000780a00000| Untracked 
|  11|0x0000000780b00000, 0x0000000780b00000, 0x0000000780c00000|  0%| F|  |TAMS 0x0000000780b00000, 0x0000000780b00000| Untracked 
|  12|0x0000000780c00000, 0x0000000780c00000, 0x0000000780d00000|  0%| F|  |TAMS 0x0000000780c00000, 0x0000000780c00000| Untracked 
|  13|0x0000000780d00000, 0x0000000780d00000, 0x0000000780e00000|  0%| F|  |TAMS 0x0000000780d00000, 0x0000000780d00000| Untracked 
|  14|0x0000000780e00000, 0x0000000780e00000, 0x0000000780f00000|  0%| F|  |TAMS 0x0000000780e00000, 0x0000000780e00000| Untracked 
|  15|0x0000000780f00000, 0x0000000780f00000, 0x0000000781000000|  0%| F|  |TAMS 0x0000000780f00000, 0x0000000780f00000| Untracked 
|  16|0x0000000781000000, 0x0000000781000000, 0x0000000781100000|  0%| F|  |TAMS 0x0000000781000000, 0x0000000781000000| Untracked 
|  17|0x0000000781100000, 0x0000000781100000, 0x0000000781200000|  0%| F|  |TAMS 0x0000000781100000, 0x0000000781100000| Untracked 
|  18|0x0000000781200000, 0x0000000781200000, 0x0000000781300000|  0%| F|  |TAMS 0x0000000781200000, 0x0000000781200000| Untracked 
|  19|0x0000000781300000, 0x0000000781300000, 0x0000000781400000|  0%| F|  |TAMS 0x0000000781300000, 0x0000000781300000| Untracked 
|  20|0x0000000781400000, 0x0000000781400000, 0x0000000781500000|  0%| F|  |TAMS 0x0000000781400000, 0x0000000781400000| Untracked 
|  21|0x0000000781500000, 0x0000000781500000, 0x0000000781600000|  0%| F|  |TAMS 0x0000000781500000, 0x0000000781500000| Untracked 
|  22|0x0000000781600000, 0x0000000781600000, 0x0000000781700000|  0%| F|  |TAMS 0x0000000781600000, 0x0000000781600000| Untracked 
|  23|0x0000000781700000, 0x0000000781700000, 0x0000000781800000|  0%| F|  |TAMS 0x0000000781700000, 0x0000000781700000| Untracked 
|  24|0x0000000781800000, 0x0000000781800000, 0x0000000781900000|  0%| F|  |TAMS 0x0000000781800000, 0x0000000781800000| Untracked 
|  25|0x0000000781900000, 0x0000000781900000, 0x0000000781a00000|  0%| F|  |TAMS 0x0000000781900000, 0x0000000781900000| Untracked 
|  26|0x0000000781a00000, 0x0000000781a00000, 0x0000000781b00000|  0%| F|  |TAMS 0x0000000781a00000, 0x0000000781a00000| Untracked 
|  27|0x0000000781b00000, 0x0000000781b00000, 0x0000000781c00000|  0%| F|  |TAMS 0x0000000781b00000, 0x0000000781b00000| Untracked 
|  28|0x0000000781c00000, 0x0000000781c00000, 0x0000000781d00000|  0%| F|  |TAMS 0x0000000781c00000, 0x0000000781c00000| Untracked 
|  29|0x0000000781d00000, 0x0000000781d00000, 0x0000000781e00000|  0%| F|  |TAMS 0x0000000781d00000, 0x0000000781d00000| Untracked 
|  30|0x0000000781e00000, 0x0000000781e00000, 0x0000000781f00000|  0%| F|  |TAMS 0x0000000781e00000, 0x0000000781e00000| Untracked 
|  31|0x0000000781f00000, 0x0000000781f00000, 0x0000000782000000|  0%| F|  |TAMS 0x0000000781f00000, 0x0000000781f00000| Untracked 
|  32|0x0000000782000000, 0x0000000782000000, 0x0000000782100000|  0%| F|  |TAMS 0x0000000782000000, 0x0000000782000000| Untracked 
|  33|0x0000000782100000, 0x0000000782100000, 0x0000000782200000|  0%| F|  |TAMS 0x0000000782100000, 0x0000000782100000| Untracked 
|  34|0x0000000782200000, 0x0000000782200000, 0x0000000782300000|  0%| F|  |TAMS 0x0000000782200000, 0x0000000782200000| Untracked 
|  35|0x0000000782300000, 0x0000000782300000, 0x0000000782400000|  0%| F|  |TAMS 0x0000000782300000, 0x0000000782300000| Untracked 
|  36|0x0000000782400000, 0x0000000782400000, 0x0000000782500000|  0%| F|  |TAMS 0x0000000782400000, 0x0000000782400000| Untracked 
|  37|0x0000000782500000, 0x0000000782500000, 0x0000000782600000|  0%| F|  |TAMS 0x0000000782500000, 0x0000000782500000| Untracked 
|  38|0x0000000782600000, 0x0000000782600000, 0x0000000782700000|  0%| F|  |TAMS 0x0000000782600000, 0x0000000782600000| Untracked 
|  39|0x0000000782700000, 0x0000000782700000, 0x0000000782800000|  0%| F|  |TAMS 0x0000000782700000, 0x0000000782700000| Untracked 
|  40|0x0000000782800000, 0x0000000782800000, 0x0000000782900000|  0%| F|  |TAMS 0x0000000782800000, 0x0000000782800000| Untracked 
|  41|0x0000000782900000, 0x0000000782900000, 0x0000000782a00000|  0%| F|  |TAMS 0x0000000782900000, 0x0000000782900000| Untracked 
|  42|0x0000000782a00000, 0x0000000782a00000, 0x0000000782b00000|  0%| F|  |TAMS 0x0000000782a00000, 0x0000000782a00000| Untracked 
|  43|0x0000000782b00000, 0x0000000782b00000, 0x0000000782c00000|  0%| F|  |TAMS 0x0000000782b00000, 0x0000000782b00000| Untracked 
|  44|0x0000000782c00000, 0x0000000782c00000, 0x0000000782d00000|  0%| F|  |TAMS 0x0000000782c00000, 0x0000000782c00000| Untracked 
|  45|0x0000000782d00000, 0x0000000782d00000, 0x0000000782e00000|  0%| F|  |TAMS 0x0000000782d00000, 0x0000000782d00000| Untracked 
|  46|0x0000000782e00000, 0x0000000782e00000, 0x0000000782f00000|  0%| F|  |TAMS 0x0000000782e00000, 0x0000000782e00000| Untracked 
|  47|0x0000000782f00000, 0x0000000782f00000, 0x0000000783000000|  0%| F|  |TAMS 0x0000000782f00000, 0x0000000782f00000| Untracked 
|  48|0x0000000783000000, 0x0000000783000000, 0x0000000783100000|  0%| F|  |TAMS 0x0000000783000000, 0x0000000783000000| Untracked 
|  49|0x0000000783100000, 0x0000000783100000, 0x0000000783200000|  0%| F|  |TAMS 0x0000000783100000, 0x0000000783100000| Untracked 
|  50|0x0000000783200000, 0x0000000783200000, 0x0000000783300000|  0%| F|  |TAMS 0x0000000783200000, 0x0000000783200000| Untracked 
|  51|0x0000000783300000, 0x0000000783300000, 0x0000000783400000|  0%| F|  |TAMS 0x0000000783300000, 0x0000000783300000| Untracked 
|  52|0x0000000783400000, 0x0000000783400000, 0x0000000783500000|  0%| F|  |TAMS 0x0000000783400000, 0x0000000783400000| Untracked 
|  53|0x0000000783500000, 0x0000000783500000, 0x0000000783600000|  0%| F|  |TAMS 0x0000000783500000, 0x0000000783500000| Untracked 
|  54|0x0000000783600000, 0x0000000783600000, 0x0000000783700000|  0%| F|  |TAMS 0x0000000783600000, 0x0000000783600000| Untracked 
|  55|0x0000000783700000, 0x0000000783700000, 0x0000000783800000|  0%| F|  |TAMS 0x0000000783700000, 0x0000000783700000| Untracked 
|  56|0x0000000783800000, 0x0000000783800000, 0x0000000783900000|  0%| F|  |TAMS 0x0000000783800000, 0x0000000783800000| Untracked 
|  57|0x0000000783900000, 0x0000000783900000, 0x0000000783a00000|  0%| F|  |TAMS 0x0000000783900000, 0x0000000783900000| Untracked 
|  58|0x0000000783a00000, 0x0000000783a00000, 0x0000000783b00000|  0%| F|  |TAMS 0x0000000783a00000, 0x0000000783a00000| Untracked 
|  59|0x0000000783b00000, 0x0000000783b00000, 0x0000000783c00000|  0%| F|  |TAMS 0x0000000783b00000, 0x0000000783b00000| Untracked 
|  60|0x0000000783c00000, 0x0000000783c00000, 0x0000000783d00000|  0%| F|  |TAMS 0x0000000783c00000, 0x0000000783c00000| Untracked 
|  61|0x0000000783d00000, 0x0000000783d00000, 0x0000000783e00000|  0%| F|  |TAMS 0x0000000783d00000, 0x0000000783d00000| Untracked 
|  62|0x0000000783e00000, 0x0000000783e00000, 0x0000000783f00000|  0%| F|  |TAMS 0x0000000783e00000, 0x0000000783e00000| Untracked 
|  63|0x0000000783f00000, 0x0000000783f00000, 0x0000000784000000|  0%| F|  |TAMS 0x0000000783f00000, 0x0000000783f00000| Untracked 
|  64|0x0000000784000000, 0x0000000784000000, 0x0000000784100000|  0%| F|  |TAMS 0x0000000784000000, 0x0000000784000000| Untracked 
|  65|0x0000000784100000, 0x0000000784100000, 0x0000000784200000|  0%| F|  |TAMS 0x0000000784100000, 0x0000000784100000| Untracked 
|  66|0x0000000784200000, 0x0000000784200000, 0x0000000784300000|  0%| F|  |TAMS 0x0000000784200000, 0x0000000784200000| Untracked 
|  67|0x0000000784300000, 0x0000000784300000, 0x0000000784400000|  0%| F|  |TAMS 0x0000000784300000, 0x0000000784300000| Untracked 
|  68|0x0000000784400000, 0x0000000784400000, 0x0000000784500000|  0%| F|  |TAMS 0x0000000784400000, 0x0000000784400000| Untracked 
|  69|0x0000000784500000, 0x0000000784500000, 0x0000000784600000|  0%| F|  |TAMS 0x0000000784500000, 0x0000000784500000| Untracked 
|  70|0x0000000784600000, 0x0000000784600000, 0x0000000784700000|  0%| F|  |TAMS 0x0000000784600000, 0x0000000784600000| Untracked 
|  71|0x0000000784700000, 0x0000000784700000, 0x0000000784800000|  0%| F|  |TAMS 0x0000000784700000, 0x0000000784700000| Untracked 
|  72|0x0000000784800000, 0x0000000784800000, 0x0000000784900000|  0%| F|  |TAMS 0x0000000784800000, 0x0000000784800000| Untracked 
|  73|0x0000000784900000, 0x0000000784900000, 0x0000000784a00000|  0%| F|  |TAMS 0x0000000784900000, 0x0000000784900000| Untracked 
|  74|0x0000000784a00000, 0x0000000784a00000, 0x0000000784b00000|  0%| F|  |TAMS 0x0000000784a00000, 0x0000000784a00000| Untracked 
|  75|0x0000000784b00000, 0x0000000784b00000, 0x0000000784c00000|  0%| F|  |TAMS 0x0000000784b00000, 0x0000000784b00000| Untracked 
|  76|0x0000000784c00000, 0x0000000784c00000, 0x0000000784d00000|  0%| F|  |TAMS 0x0000000784c00000, 0x0000000784c00000| Untracked 
|  77|0x0000000784d00000, 0x0000000784d00000, 0x0000000784e00000|  0%| F|  |TAMS 0x0000000784d00000, 0x0000000784d00000| Untracked 
|  78|0x0000000784e00000, 0x0000000784e00000, 0x0000000784f00000|  0%| F|  |TAMS 0x0000000784e00000, 0x0000000784e00000| Untracked 
|  79|0x0000000784f00000, 0x0000000784f00000, 0x0000000785000000|  0%| F|  |TAMS 0x0000000784f00000, 0x0000000784f00000| Untracked 
|  80|0x0000000785000000, 0x0000000785000000, 0x0000000785100000|  0%| F|  |TAMS 0x0000000785000000, 0x0000000785000000| Untracked 
|  81|0x0000000785100000, 0x0000000785100000, 0x0000000785200000|  0%| F|  |TAMS 0x0000000785100000, 0x0000000785100000| Untracked 
|  82|0x0000000785200000, 0x0000000785200000, 0x0000000785300000|  0%| F|  |TAMS 0x0000000785200000, 0x0000000785200000| Untracked 
|  83|0x0000000785300000, 0x0000000785300000, 0x0000000785400000|  0%| F|  |TAMS 0x0000000785300000, 0x0000000785300000| Untracked 
|  84|0x0000000785400000, 0x0000000785400000, 0x0000000785500000|  0%| F|  |TAMS 0x0000000785400000, 0x0000000785400000| Untracked 
|  85|0x0000000785500000, 0x0000000785500000, 0x0000000785600000|  0%| F|  |TAMS 0x0000000785500000, 0x0000000785500000| Untracked 
|  86|0x0000000785600000, 0x0000000785600000, 0x0000000785700000|  0%| F|  |TAMS 0x0000000785600000, 0x0000000785600000| Untracked 
|  87|0x0000000785700000, 0x0000000785700000, 0x0000000785800000|  0%| F|  |TAMS 0x0000000785700000, 0x0000000785700000| Untracked 
|  88|0x0000000785800000, 0x0000000785800000, 0x0000000785900000|  0%| F|  |TAMS 0x0000000785800000, 0x0000000785800000| Untracked 
|  89|0x0000000785900000, 0x0000000785900000, 0x0000000785a00000|  0%| F|  |TAMS 0x0000000785900000, 0x0000000785900000| Untracked 
|  90|0x0000000785a00000, 0x0000000785a00000, 0x0000000785b00000|  0%| F|  |TAMS 0x0000000785a00000, 0x0000000785a00000| Untracked 
|  91|0x0000000785b00000, 0x0000000785b00000, 0x0000000785c00000|  0%| F|  |TAMS 0x0000000785b00000, 0x0000000785b00000| Untracked 
|  92|0x0000000785c00000, 0x0000000785c00000, 0x0000000785d00000|  0%| F|  |TAMS 0x0000000785c00000, 0x0000000785c00000| Untracked 
|  93|0x0000000785d00000, 0x0000000785d00000, 0x0000000785e00000|  0%| F|  |TAMS 0x0000000785d00000, 0x0000000785d00000| Untracked 
|  94|0x0000000785e00000, 0x0000000785e00000, 0x0000000785f00000|  0%| F|  |TAMS 0x0000000785e00000, 0x0000000785e00000| Untracked 
|  95|0x0000000785f00000, 0x0000000785f00000, 0x0000000786000000|  0%| F|  |TAMS 0x0000000785f00000, 0x0000000785f00000| Untracked 
|  96|0x0000000786000000, 0x0000000786000000, 0x0000000786100000|  0%| F|  |TAMS 0x0000000786000000, 0x0000000786000000| Untracked 
|  97|0x0000000786100000, 0x0000000786100000, 0x0000000786200000|  0%| F|  |TAMS 0x0000000786100000, 0x0000000786100000| Untracked 
|  98|0x0000000786200000, 0x0000000786200000, 0x0000000786300000|  0%| F|  |TAMS 0x0000000786200000, 0x0000000786200000| Untracked 
|  99|0x0000000786300000, 0x0000000786300000, 0x0000000786400000|  0%| F|  |TAMS 0x0000000786300000, 0x0000000786300000| Untracked 
| 100|0x0000000786400000, 0x0000000786400000, 0x0000000786500000|  0%| F|  |TAMS 0x0000000786400000, 0x0000000786400000| Untracked 
| 101|0x0000000786500000, 0x0000000786500000, 0x0000000786600000|  0%| F|  |TAMS 0x0000000786500000, 0x0000000786500000| Untracked 
| 102|0x0000000786600000, 0x0000000786600000, 0x0000000786700000|  0%| F|  |TAMS 0x0000000786600000, 0x0000000786600000| Untracked 
| 103|0x0000000786700000, 0x0000000786700000, 0x0000000786800000|  0%| F|  |TAMS 0x0000000786700000, 0x0000000786700000| Untracked 
| 104|0x0000000786800000, 0x0000000786800000, 0x0000000786900000|  0%| F|  |TAMS 0x0000000786800000, 0x0000000786800000| Untracked 
| 105|0x0000000786900000, 0x0000000786900000, 0x0000000786a00000|  0%| F|  |TAMS 0x0000000786900000, 0x0000000786900000| Untracked 
| 106|0x0000000786a00000, 0x0000000786a7ba78, 0x0000000786b00000| 48%| E|  |TAMS 0x0000000786a00000, 0x0000000786a00000| Complete 
| 107|0x0000000786b00000, 0x0000000786c00000, 0x0000000786c00000|100%| E|CS|TAMS 0x0000000786b00000, 0x0000000786b00000| Complete 
| 108|0x0000000786c00000, 0x0000000786d00000, 0x0000000786d00000|100%| E|CS|TAMS 0x0000000786c00000, 0x0000000786c00000| Complete 
| 109|0x0000000786d00000, 0x0000000786e00000, 0x0000000786e00000|100%| E|CS|TAMS 0x0000000786d00000, 0x0000000786d00000| Complete 
| 110|0x0000000786e00000, 0x0000000786f00000, 0x0000000786f00000|100%| E|CS|TAMS 0x0000000786e00000, 0x0000000786e00000| Complete 
| 111|0x0000000786f00000, 0x0000000787000000, 0x0000000787000000|100%| E|CS|TAMS 0x0000000786f00000, 0x0000000786f00000| Complete 
| 112|0x0000000787000000, 0x0000000787100000, 0x0000000787100000|100%| E|CS|TAMS 0x0000000787000000, 0x0000000787000000| Complete 
| 113|0x0000000787100000, 0x0000000787200000, 0x0000000787200000|100%| E|CS|TAMS 0x0000000787100000, 0x0000000787100000| Complete 
| 114|0x0000000787200000, 0x0000000787300000, 0x0000000787300000|100%| E|CS|TAMS 0x0000000787200000, 0x0000000787200000| Complete 
| 115|0x0000000787300000, 0x0000000787400000, 0x0000000787400000|100%| E|CS|TAMS 0x0000000787300000, 0x0000000787300000| Complete 
| 116|0x0000000787400000, 0x0000000787500000, 0x0000000787500000|100%| E|CS|TAMS 0x0000000787400000, 0x0000000787400000| Complete 
| 117|0x0000000787500000, 0x0000000787600000, 0x0000000787600000|100%| E|CS|TAMS 0x0000000787500000, 0x0000000787500000| Complete 
| 118|0x0000000787600000, 0x0000000787700000, 0x0000000787700000|100%| E|CS|TAMS 0x0000000787600000, 0x0000000787600000| Complete 
| 119|0x0000000787700000, 0x0000000787800000, 0x0000000787800000|100%| E|CS|TAMS 0x0000000787700000, 0x0000000787700000| Complete 
| 120|0x0000000787800000, 0x0000000787900000, 0x0000000787900000|100%| E|CS|TAMS 0x0000000787800000, 0x0000000787800000| Complete 
| 121|0x0000000787900000, 0x0000000787a00000, 0x0000000787a00000|100%| E|CS|TAMS 0x0000000787900000, 0x0000000787900000| Complete 
| 122|0x0000000787a00000, 0x0000000787b00000, 0x0000000787b00000|100%| E|CS|TAMS 0x0000000787a00000, 0x0000000787a00000| Complete 
| 123|0x0000000787b00000, 0x0000000787c00000, 0x0000000787c00000|100%| E|CS|TAMS 0x0000000787b00000, 0x0000000787b00000| Complete 
| 124|0x0000000787c00000, 0x0000000787d00000, 0x0000000787d00000|100%| E|  |TAMS 0x0000000787c00000, 0x0000000787c00000| Complete 
| 125|0x0000000787d00000, 0x0000000787e00000, 0x0000000787e00000|100%| E|CS|TAMS 0x0000000787d00000, 0x0000000787d00000| Complete 
| 126|0x0000000787e00000, 0x0000000787f00000, 0x0000000787f00000|100%| E|CS|TAMS 0x0000000787e00000, 0x0000000787e00000| Complete 
| 127|0x0000000787f00000, 0x0000000788000000, 0x0000000788000000|100%| E|CS|TAMS 0x0000000787f00000, 0x0000000787f00000| Complete 

Card table byte_map: [0x0000000125669000,0x0000000125a69000] _byte_map_base: 0x0000000121a69000

Marking Bits (Prev, Next): (CMBitMap*) 0x00007ff254030818, (CMBitMap*) 0x00007ff254030850
 Prev Bits: [0x0000000125e69000, 0x0000000127e69000)
 Next Bits: [0x0000000127e69000, 0x0000000129e69000)

Polling page: 0x0000000102323000

Metaspace:

Usage:
  Non-class:     13.09 MB capacity,    12.80 MB ( 98%) used,   260.12 KB (  2%) free+waste,    40.69 KB ( <1%) overhead. 
      Class:      1.70 MB capacity,     1.54 MB ( 90%) used,   147.52 KB (  8%) free+waste,    20.31 KB (  1%) overhead. 
       Both:     14.79 MB capacity,    14.33 MB ( 97%) used,   407.63 KB (  3%) free+waste,    61.00 KB ( <1%) overhead. 

Virtual space:
  Non-class space:       14.00 MB reserved,      13.25 MB ( 95%) committed 
      Class space:        1.00 GB reserved,       1.75 MB ( <1%) committed 
             Both:        1.01 GB reserved,      15.00 MB (  1%) committed 

Chunk freelists:
   Non-Class:  20.00 KB
       Class:  19.00 KB
        Both:  39.00 KB

MaxMetaspaceSize: unlimited
CompressedClassSpaceSize: 1.00 GB

CodeHeap 'non-profiled nmethods': size=238384Kb used=2101Kb max_used=2101Kb free=236282Kb
 bounds [0x00000001167cb000, 0x0000000116a3b000, 0x0000000125097000]
CodeHeap 'non-nmethods': size=7376Kb used=1097Kb max_used=1097Kb free=6278Kb
 bounds [0x0000000116097000, 0x0000000116307000, 0x00000001167cb000]
 total_blobs=1654 nmethods=1225 adapters=357
 compilation: enabled
              stopped_count=0, restarted_count=0
 full_count=0

Compilation events (20 events):
Event: 4.492 Thread 0x00007ff255841000 1216       1       sun.reflect.generics.parser.SignatureParser::skipIdentifier (67 bytes)
Event: 4.492 Thread 0x00007ff255841000 nmethod 1216 0x00000001169d4810 code [0x00000001169d4a00, 0x00000001169d4bc0]
Event: 4.493 Thread 0x00007ff255841000 1217       1       java.lang.reflect.ProxyGenerator$ConstantPool::addEntry (46 bytes)
Event: 4.493 Thread 0x00007ff255841000 nmethod 1217 0x00000001169d4e90 code [0x00000001169d5080, 0x00000001169d5290]
Event: 4.493 Thread 0x00007ff255841000 1218       1       java.lang.reflect.ProxyGenerator$ConstantPool$IndirectEntry::<init> (20 bytes)
Event: 4.493 Thread 0x00007ff255841000 nmethod 1218 0x00000001169d5490 code [0x00000001169d5640, 0x00000001169d5710]
Event: 4.493 Thread 0x00007ff255841000 1220       1       java.util.Objects::checkFromIndexSize (8 bytes)
Event: 4.493 Thread 0x00007ff255841000 nmethod 1220 0x00000001169d5810 code [0x00000001169d59c0, 0x00000001169d5ac0]
Event: 4.493 Thread 0x00007ff255841000 1221       1       jdk.internal.util.Preconditions::checkFromIndexSize (25 bytes)
Event: 4.493 Thread 0x00007ff255841000 nmethod 1221 0x00000001169d5c10 code [0x00000001169d5e00, 0x00000001169d6290]
Event: 4.493 Thread 0x00007ff255841000 1219       1       java.lang.reflect.ProxyGenerator$ConstantPool$IndirectEntry::<init> (20 bytes)
Event: 4.493 Thread 0x00007ff255841000 nmethod 1219 0x00000001169d6590 code [0x00000001169d6740, 0x00000001169d67f0]
Event: 4.494 Thread 0x00007ff255841000 1222       1       java.util.ArrayDeque::add (7 bytes)
Event: 4.494 Thread 0x00007ff255841000 nmethod 1222 0x00000001169d6910 code [0x00000001169d6ac0, 0x00000001169d6b80]
Event: 4.495 Thread 0x00007ff255841000 1223       1       sun.net.util.URLUtil::urlNoFragString (114 bytes)
Event: 4.496 Thread 0x00007ff255841000 nmethod 1223 0x00000001169d6c10 code [0x00000001169d6e60, 0x00000001169d7380]
Event: 4.496 Thread 0x00007ff255841000 1224       1       java.net.URL::getDefaultPort (8 bytes)
Event: 4.496 Thread 0x00007ff255841000 nmethod 1224 0x00000001169d7c90 code [0x00000001169d7e40, 0x00000001169d7f10]
Event: 4.496 Thread 0x00007ff255841000 1225       1       java.io.File::exists (43 bytes)
Event: 4.496 Thread 0x00007ff255841000 nmethod 1225 0x00000001169d8010 code [0x00000001169d81e0, 0x00000001169d8360]

GC Heap History (0 events):
No events

Deoptimization events (0 events):
No events

Classes redefined (0 events):
No events

Internal exceptions (20 events):
Event: 3.776 Thread 0x00007ff25500f000 Exception <a 'java/lang/NoSuchMethodError'{0x0000000787a7f238}: 'int java.lang.invoke.DirectMethodHandle$Holder.invokeInterface(java.lang.Object, java.lang.Object)'> (0x0000000787a7f238) thrown at [./src/hotspot/share/interpreter/linkResolver.cpp, line 773]
Event: 3.777 Thread 0x00007ff25500f000 Exception <a 'java/lang/IncompatibleClassChangeError'{0x0000000787a81fb0}: Found class java.lang.Object, but interface was expected> (0x0000000787a81fb0) thrown at [./src/hotspot/share/interpreter/linkResolver.cpp, line 839]
Event: 3.842 Thread 0x00007ff25500f000 Exception <a 'java/lang/NoSuchMethodError'{0x000000078794cd68}: 'java.lang.Object java.lang.invoke.DirectMethodHandle$Holder.invokeStatic(java.lang.Object, java.lang.Object, java.lang.Object, java.lang.Object, java.lang.Object, java.lang.Object, java.lang.Object, java.lang.Object, java.lang.Object, java.lang.Object, java.lang.Object, int)'> (0x000000078794cd68) thrown at [./src/hotspot/share/interpreter/linkResolver.cpp, line 773]
Event: 3.846 Thread 0x00007ff25500f000 Exception <a 'java/lang/NoSuchMethodError'{0x000000078796b160}: 'java.lang.Object java.lang.invoke.DirectMethodHandle$Holder.invokeStatic(java.lang.Object, java.lang.Object, java.lang.Object, java.lang.Object, java.lang.Object, java.lang.Object, java.lang.Object, java.lang.Object, java.lang.Object, java.lang.Object, java.lang.Object, int, int)'> (0x000000078796b160) thrown at [./src/hotspot/share/interpreter/linkResolver.cpp, line 773]
Event: 3.849 Thread 0x00007ff25500f000 Exception <a 'java/lang/NoSuchMethodError'{0x000000078798a720}: 'java.lang.Object java.lang.invoke.DirectMethodHandle$Holder.invokeStatic(java.lang.Object, java.lang.Object, java.lang.Object, java.lang.Object, java.lang.Object, java.lang.Object, java.lang.Object, java.lang.Object, java.lang.Object, java.lang.Object, java.lang.Object, int, int, java.lang.Object)'> (0x000000078798a720) thrown at [./src/hotspot/share/interpreter/linkResolver.cpp, line 773]
Event: 3.852 Thread 0x00007ff25500f000 Exception <a 'java/lang/NoSuchMethodError'{0x00000007879ab1b8}: 'java.lang.Object java.lang.invoke.DirectMethodHandle$Holder.invokeStatic(java.lang.Object, java.lang.Object, java.lang.Object, java.lang.Object, java.lang.Object, java.lang.Object, java.lang.Object, java.lang.Object, java.lang.Object, java.lang.Object, java.lang.Object, int, int, java.lang.Object, java.lang.Object)'> (0x00000007879ab1b8) thrown at [./src/hotspot/share/interpreter/linkResolver.cpp, line 773]
Event: 3.868 Thread 0x00007ff25500f000 Exception <a 'java/lang/ClassNotFoundException'{0x00000007879fa2b8}: jdk/internal/platform/cgroupv1/Metrics> (0x00000007879fa2b8) thrown at [./src/hotspot/share/classfile/systemDictionary.cpp, line 231]
Event: 3.956 Thread 0x00007ff25500f000 Exception <a 'java/lang/NoSuchMethodError'{0x000000078774e9a0}: 'int java.lang.invoke.DirectMethodHandle$Holder.invokeSpecialIFC(java.lang.Object, java.lang.Object, java.lang.Object)'> (0x000000078774e9a0) thrown at [./src/hotspot/share/interpreter/linkResolver.cpp, line 773]
Event: 4.173 Thread 0x00007ff25500f000 Exception <a 'java/lang/ClassNotFoundException'{0x00000007877bf540}: javax/management/remote/rmi/RMIServerImpl_Skel> (0x00000007877bf540) thrown at [./src/hotspot/share/classfile/systemDictionary.cpp, line 231]
Event: 4.254 Thread 0x00007ff25500f000 Exception <a 'java/lang/ClassNotFoundException'{0x0000000787405a70}: javax/smartcardio/CardPermission> (0x0000000787405a70) thrown at [./src/hotspot/share/classfile/systemDictionary.cpp, line 231]
Event: 4.262 Thread 0x00007ff25500f000 Exception <a 'java/io/FileNotFoundException'{0x00000007874132b0}> (0x00000007874132b0) thrown at [./src/hotspot/share/prims/jni.cpp, line 615]
Event: 4.359 Thread 0x00007ff25543d800 Exception <a 'java/lang/NoSuchMethodError'{0x00000007872c17a8}: 'java.lang.Object java.lang.invoke.DirectMethodHandle$Holder.invokeStatic(java.lang.Object, java.lang.Object, java.lang.Object, java.lang.Object, java.lang.Object, java.lang.Object, java.lang.Object, java.lang.Object, java.lang.Object, java.lang.Object, java.lang.Object, java.lang.Object, java.lang.Object, int)'> (0x00000007872c17a8) thrown at [./src/hotspot/share/interpreter/linkResolver.cpp, line 773]
Event: 4.361 Thread 0x00007ff25543d800 Exception <a 'java/lang/NoSuchMethodError'{0x00000007872cdfd0}: 'java.lang.Object java.lang.invoke.DirectMethodHandle$Holder.invokeStatic(java.lang.Object, java.lang.Object, java.lang.Object, java.lang.Object, java.lang.Object, java.lang.Object, java.lang.Object, java.lang.Object, java.lang.Object, java.lang.Object, java.lang.Object, java.lang.Object, java.lang.Object, int, int)'> (0x00000007872cdfd0) thrown at [./src/hotspot/share/interpreter/linkResolver.cpp, line 773]
Event: 4.392 Thread 0x00007ff25543d800 Exception <a 'java/lang/NoSuchMethodError'{0x000000078715b008}: <clinit>> (0x000000078715b008) thrown at [./src/hotspot/share/prims/jni.cpp, line 1362]
Event: 4.416 Thread 0x00007ff25543d800 Exception <a 'java/lang/ClassNotFoundException'{0x0000000786e1ea08}: javax/management/remote/rmi/RMIConnectionImpl_Skel> (0x0000000786e1ea08) thrown at [./src/hotspot/share/classfile/systemDictionary.cpp, line 231]
Event: 4.437 Thread 0x00007ff25548e800 Exception <a 'java/lang/NoSuchMethodError'{0x0000000786ebd6d8}: 'java.lang.Object java.lang.invoke.Invokers$Holder.linkToTargetMethod(java.lang.Object, long, java.lang.Object)'> (0x0000000786ebd6d8) thrown at [./src/hotspot/share/interpreter/linkResolver.cpp, line 773]
Event: 4.443 Thread 0x00007ff25543d800 Exception <a 'java/lang/reflect/InvocationTargetException'{0x0000000786e55da0}> (0x0000000786e55da0) thrown at [./src/hotspot/share/runtime/reflection.cpp, line 1247]
Event: 4.450 Thread 0x00007ff25543d800 Exception <a 'java/lang/NoSuchMethodError'{0x0000000786e7a0f8}: <clinit>> (0x0000000786e7a0f8) thrown at [./src/hotspot/share/prims/jni.cpp, line 1362]
Event: 4.453 Thread 0x00007ff25500f000 Exception <a 'java/lang/NoSuchMethodError'{0x0000000786df7d90}: 'java.lang.Object java.lang.invoke.DirectMethodHandle$Holder.invokeSpecialIFC(java.lang.Object, java.lang.Object, java.lang.Object, java.lang.Object)'> (0x0000000786df7d90) thrown at [./src/hotspot/share/interpreter/linkResolver.cpp, line 773]
Event: 4.476 Thread 0x00007ff25500f000 Exception <a 'java/lang/NoSuchMethodError'{0x0000000786cd1b10}: 'int java.lang.invoke.DirectMethodHandle$Holder.invokeStaticInit(java.lang.Object, java.lang.Object)'> (0x0000000786cd1b10) thrown at [./src/hotspot/share/interpreter/linkResolver.cpp, line 773]

Events (20 events):
Event: 4.491 loading class org/springframework/core/annotation/MergedAnnotationSelector
Event: 4.491 loading class org/springframework/core/annotation/MergedAnnotationSelector done
Event: 4.491 loading class org/springframework/core/annotation/MergedAnnotationSelectors$FirstDirectlyDeclared
Event: 4.491 loading class org/springframework/core/annotation/MergedAnnotationSelectors$FirstDirectlyDeclared done
Event: 4.492 loading class org/springframework/core/annotation/AnnotationsScanner$1
Event: 4.492 loading class org/springframework/core/annotation/AnnotationsScanner$1 done
Event: 4.492 loading class java/lang/FunctionalInterface
Event: 4.492 loading class java/lang/FunctionalInterface done
Event: 4.493 loading class org/springframework/core/annotation/MergedAnnotation
Event: 4.493 loading class org/springframework/core/annotation/MergedAnnotation done
Event: 4.493 loading class org/springframework/core/annotation/MissingMergedAnnotation
Event: 4.493 loading class org/springframework/core/annotation/MissingMergedAnnotation done
Event: 4.494 loading class org/springframework/core/annotation/AbstractMergedAnnotation
Event: 4.494 loading class org/springframework/core/annotation/AbstractMergedAnnotation done
Event: 4.494 loading class org/springframework/core/DecoratingProxy
Event: 4.494 loading class org/springframework/core/DecoratingProxy done
Event: 4.495 loading class org/springframework/boot/ClearCachesApplicationListener
Event: 4.495 loading class org/springframework/boot/ClearCachesApplicationListener done
Event: 4.495 loading class org/springframework/boot/builder/ParentContextCloserApplicationListener
Event: 4.495 loading class org/springframework/boot/builder/ParentContextCloserApplicationListener done


Dynamic libraries:
0x000000010a950000 	/Library/Java/JavaVirtualMachines/adoptopenjdk-11.jdk/Contents/Home/lib/jli/libjli.dylib
0x00007ff820d5f000 	/System/Library/Frameworks/Cocoa.framework/Versions/A/Cocoa
0x00007ff80c671000 	/System/Library/Frameworks/AppKit.framework/Versions/C/AppKit
0x00007ff80fbca000 	/System/Library/Frameworks/CoreData.framework/Versions/A/CoreData
0x00007ff80aa88000 	/System/Library/Frameworks/Foundation.framework/Versions/C/Foundation
0x00007ff814dde000 	/usr/lib/libSystem.B.dylib
0x00007ff80d500000 	/System/Library/PrivateFrameworks/UIFoundation.framework/Versions/A/UIFoundation
0x00007ff81ad10000 	/System/Library/PrivateFrameworks/RemoteViewServices.framework/Versions/A/RemoteViewServices
0x00007ff8130b5000 	/System/Library/PrivateFrameworks/XCTTargetBootstrap.framework/Versions/A/XCTTargetBootstrap
0x00007ff816caa000 	/System/Library/PrivateFrameworks/InternationalSupport.framework/Versions/A/InternationalSupport
0x00007ff816d34000 	/System/Library/PrivateFrameworks/UserActivity.framework/Versions/A/UserActivity
0x00007ff816091000 	/usr/lib/libspindump.dylib
0x00007ff80d78e000 	/System/Library/Frameworks/UniformTypeIdentifiers.framework/Versions/A/UniformTypeIdentifiers
0x00007ff8117f2000 	/usr/lib/libapp_launch_measurement.dylib
0x00007ff8105a6000 	/System/Library/PrivateFrameworks/CoreAnalytics.framework/Versions/A/CoreAnalytics
0x00007ff8117f5000 	/System/Library/PrivateFrameworks/CoreAutoLayout.framework/Versions/A/CoreAutoLayout
0x00007ff812a15000 	/System/Library/Frameworks/Metal.framework/Versions/A/Metal
0x00007ff81372d000 	/usr/lib/liblangid.dylib
0x00007ff8130b9000 	/System/Library/PrivateFrameworks/CoreSVG.framework/Versions/A/CoreSVG
0x00007ff80eb55000 	/System/Library/PrivateFrameworks/SkyLight.framework/Versions/A/SkyLight
0x00007ff80eee8000 	/System/Library/Frameworks/CoreGraphics.framework/Versions/A/CoreGraphics
0x00007ff81b37f000 	/System/Library/Frameworks/Accelerate.framework/Versions/A/Accelerate
0x00007ff815b0c000 	/System/Library/PrivateFrameworks/IconServices.framework/Versions/A/IconServices
0x00007ff8129fa000 	/System/Library/Frameworks/IOSurface.framework/Versions/A/IOSurface
0x00007ff8105d4000 	/usr/lib/libDiagnosticMessagesClient.dylib
0x00007ff814cf8000 	/usr/lib/libz.1.dylib
0x00007ff81e9ee000 	/System/Library/Frameworks/ApplicationServices.framework/Versions/A/ApplicationServices
0x00007ff8130a1000 	/System/Library/PrivateFrameworks/DFRFoundation.framework/Versions/A/DFRFoundation
0x00007ff80bf62000 	/usr/lib/libicucore.A.dylib
0x00007ff8179cf000 	/System/Library/Frameworks/AudioToolbox.framework/Versions/A/AudioToolbox
0x00007ff816cb6000 	/System/Library/PrivateFrameworks/DataDetectorsCore.framework/Versions/A/DataDetectorsCore
0x00007ff9125af000 	/System/Library/PrivateFrameworks/TextInput.framework/Versions/A/TextInput
0x00007ff80ead9000 	/usr/lib/libMobileGestalt.dylib
0x00007ff812da9000 	/System/Library/Frameworks/Carbon.framework/Versions/A/Frameworks/HIToolbox.framework/Versions/A/HIToolbox
0x00007ff81121f000 	/System/Library/Frameworks/QuartzCore.framework/Versions/A/QuartzCore
0x00007ff80bc02000 	/System/Library/Frameworks/Security.framework/Versions/A/Security
0x00007ff81ad48000 	/System/Library/Frameworks/Carbon.framework/Versions/A/Frameworks/SpeechRecognition.framework/Versions/A/SpeechRecognition
0x00007ff811552000 	/System/Library/PrivateFrameworks/CoreUI.framework/Versions/A/CoreUI
0x00007ff80b4da000 	/System/Library/Frameworks/CoreAudio.framework/Versions/A/CoreAudio
0x00007ff8106c2000 	/System/Library/Frameworks/DiskArbitration.framework/Versions/A/DiskArbitration
0x00007ff816474000 	/System/Library/PrivateFrameworks/MultitouchSupport.framework/Versions/A/MultitouchSupport
0x00007ff80ead8000 	/usr/lib/libenergytrace.dylib
0x00007ff80c55d000 	/System/Library/Frameworks/IOKit.framework/Versions/A/IOKit
0x00007ff81b134000 	/System/Library/Frameworks/CoreServices.framework/Versions/A/CoreServices
0x00007ff81178c000 	/System/Library/PrivateFrameworks/PerformanceAnalysis.framework/Versions/A/PerformanceAnalysis
0x00007ffa22091000 	/System/Library/Frameworks/OpenGL.framework/Versions/A/OpenGL
0x00007ff814329000 	/System/Library/PrivateFrameworks/MobileKeyBag.framework/Versions/A/MobileKeyBag
0x00007ff809b20000 	/usr/lib/libobjc.A.dylib
0x00007ff80f617000 	/System/Library/Frameworks/ColorSync.framework/Versions/A/ColorSync
0x00007ff809cdc000 	/System/Library/Frameworks/CoreFoundation.framework/Versions/A/CoreFoundation
0x00007ff813334000 	/System/Library/Frameworks/CoreImage.framework/Versions/A/CoreImage
0x00007ff80b2f0000 	/System/Library/Frameworks/CoreText.framework/Versions/A/CoreText
0x00007ff8130e8000 	/System/Library/Frameworks/ImageIO.framework/Versions/A/ImageIO
0x00007ff814de4000 	/System/Library/PrivateFrameworks/SoftLinking.framework/Versions/A/SoftLinking
0x00007ff81183d000 	/usr/lib/libxml2.2.dylib
0x00007ff809be9000 	/usr/lib/libc++.1.dylib
0x00007ff815065000 	/usr/lib/libcompression.dylib
0x00007ff816be0000 	/System/Library/PrivateFrameworks/TextureIO.framework/Versions/A/TextureIO
0x00007ff815785000 	/usr/lib/libate.dylib
0x00007ff814dd9000 	/usr/lib/system/libcache.dylib
0x00007ff814d95000 	/usr/lib/system/libcommonCrypto.dylib
0x00007ff814dbe000 	/usr/lib/system/libcompiler_rt.dylib
0x00007ff814db4000 	/usr/lib/system/libcopyfile.dylib
0x00007ff809a1a000 	/usr/lib/system/libcorecrypto.dylib
0x00007ff809ad9000 	/usr/lib/system/libdispatch.dylib
0x00007ff809c9b000 	/usr/lib/system/libdyld.dylib
0x00007ff814dd0000 	/usr/lib/system/libkeymgr.dylib
0x00007ff814d73000 	/usr/lib/system/libmacho.dylib
0x00007ff8143fd000 	/usr/lib/system/libquarantine.dylib
0x00007ff814dce000 	/usr/lib/system/libremovefile.dylib
0x00007ff80eb25000 	/usr/lib/system/libsystem_asl.dylib
0x00007ff8099c8000 	/usr/lib/system/libsystem_blocks.dylib
0x00007ff809b60000 	/usr/lib/system/libsystem_c.dylib
0x00007ff814dc6000 	/usr/lib/system/libsystem_collections.dylib
0x00007ff81371e000 	/usr/lib/system/libsystem_configuration.dylib
0x00007ff8129dd000 	/usr/lib/system/libsystem_containermanager.dylib
0x00007ff814aaa000 	/usr/lib/system/libsystem_coreservices.dylib
0x00007ff80c1eb000 	/usr/lib/system/libsystem_darwin.dylib
0x00007ff814dd1000 	/usr/lib/system/libsystem_dnssd.dylib
0x00007ff809b5d000 	/usr/lib/system/libsystem_featureflags.dylib
0x00007ff809cb1000 	/usr/lib/system/libsystem_info.dylib
0x00007ff814d0b000 	/usr/lib/system/libsystem_m.dylib
0x00007ff809aad000 	/usr/lib/system/libsystem_malloc.dylib
0x00007ff80eac2000 	/usr/lib/system/libsystem_networkextension.dylib
0x00007ff80c613000 	/usr/lib/system/libsystem_notify.dylib
0x00007ff81b009000 	/usr/lib/system/libsystem_product_info_filter.dylib
0x00007ff813722000 	/usr/lib/system/libsystem_sandbox.dylib
0x00007ff814dcb000 	/usr/lib/system/libsystem_secinit.dylib
0x00007ff809c58000 	/usr/lib/system/libsystem_kernel.dylib
0x00007ff809ca7000 	/usr/lib/system/libsystem_platform.dylib
0x00007ff809c8f000 	/usr/lib/system/libsystem_pthread.dylib
0x00007ff8103ed000 	/usr/lib/system/libsystem_symptoms.dylib
0x00007ff809a01000 	/usr/lib/system/libsystem_trace.dylib
0x00007ff814da1000 	/usr/lib/system/libunwind.dylib
0x00007ff8099ca000 	/usr/lib/system/libxpc.dylib
0x00007ff809c42000 	/usr/lib/libc++abi.dylib
0x00007ff814dac000 	/usr/lib/liboah.dylib
0x00007ff81553e000 	/usr/lib/liblzma.5.dylib
0x00007ff80a799000 	/System/Library/Frameworks/SystemConfiguration.framework/Versions/A/SystemConfiguration
0x00007ff814de0000 	/usr/lib/libfakelink.dylib
0x00007ff80e62b000 	/System/Library/Frameworks/CFNetwork.framework/Versions/A/CFNetwork
0x00007ff814f1f000 	/usr/lib/libarchive.2.dylib
0x00007ff813729000 	/System/Library/PrivateFrameworks/AppleSystemInfo.framework/Versions/A/AppleSystemInfo
0x00007ff814424000 	/usr/lib/libbsm.0.dylib
0x00007ff80dc61000 	/usr/lib/libnetwork.dylib
0x00007ff814d79000 	/usr/lib/system/libkxld.dylib
0x00007ff814052000 	/System/Library/PrivateFrameworks/IOMobileFramebuffer.framework/Versions/A/IOMobileFramebuffer
0x00007ffb1fc86000 	/usr/lib/libCoreEntitlements.dylib
0x00007ff814a8c000 	/System/Library/PrivateFrameworks/AppleFSCompression.framework/Versions/A/AppleFSCompression
0x00007ff81440c000 	/usr/lib/libcoretls.dylib
0x00007ff815558000 	/usr/lib/libcoretls_cfhelpers.dylib
0x00007ff815060000 	/usr/lib/libpam.2.dylib
0x00007ff810013000 	/usr/lib/libsqlite3.dylib
0x00007ff8155c7000 	/usr/lib/libxar.1.dylib
0x00007ff814a9c000 	/usr/lib/libbz2.1.0.dylib
0x00007ff814de5000 	/usr/lib/libpcap.A.dylib
0x00007ff8103e4000 	/usr/lib/libdns_services.dylib
0x00007ff815032000 	/usr/lib/libapple_nghttp2.dylib
0x00007ff814e1c000 	/usr/lib/libiconv.2.dylib
0x00007ff814d72000 	/usr/lib/libcharset.1.dylib
0x00007ff8117c0000 	/System/Library/Frameworks/CoreServices.framework/Versions/A/Frameworks/FSEvents.framework/Versions/A/FSEvents
0x00007ff80c1f5000 	/System/Library/Frameworks/CoreServices.framework/Versions/A/Frameworks/CarbonCore.framework/Versions/A/CarbonCore
0x00007ff810627000 	/System/Library/Frameworks/CoreServices.framework/Versions/A/Frameworks/Metadata.framework/Versions/A/Metadata
0x00007ff814aaf000 	/System/Library/Frameworks/CoreServices.framework/Versions/A/Frameworks/OSServices.framework/Versions/A/OSServices
0x00007ff814fa6000 	/System/Library/Frameworks/CoreServices.framework/Versions/A/Frameworks/SearchKit.framework/Versions/A/SearchKit
0x00007ff810376000 	/System/Library/Frameworks/CoreServices.framework/Versions/A/Frameworks/AE.framework/Versions/A/AE
0x00007ff80a1dd000 	/System/Library/Frameworks/CoreServices.framework/Versions/A/Frameworks/LaunchServices.framework/Versions/A/LaunchServices
0x00007ff8154ef000 	/System/Library/Frameworks/CoreServices.framework/Versions/A/Frameworks/DictionaryServices.framework/Versions/A/DictionaryServices
0x00007ff8117cd000 	/System/Library/Frameworks/CoreServices.framework/Versions/A/Frameworks/SharedFileList.framework/Versions/A/SharedFileList
0x00007ff814400000 	/usr/lib/libCheckFix.dylib
0x00007ff80eb3c000 	/System/Library/PrivateFrameworks/TCC.framework/Versions/A/TCC
0x00007ff81372f000 	/System/Library/PrivateFrameworks/CoreNLP.framework/Versions/A/CoreNLP
0x00007ff8105d7000 	/System/Library/PrivateFrameworks/MetadataUtilities.framework/Versions/A/MetadataUtilities
0x00007ff80a849000 	/usr/lib/libmecabra.dylib
0x00007ff814434000 	/usr/lib/libmecab.dylib
0x00007ff80a814000 	/usr/lib/libCRFSuite.dylib
0x00007ff814491000 	/usr/lib/libgermantok.dylib
0x00007ff81500d000 	/usr/lib/libThaiTokenizer.dylib
0x00007ff8106c9000 	/System/Library/Frameworks/Accelerate.framework/Versions/A/Frameworks/vImage.framework/Versions/A/vImage
0x00007ff81b10b000 	/System/Library/Frameworks/Accelerate.framework/Versions/A/Frameworks/vecLib.framework/Versions/A/vecLib
0x00007ff815608000 	/System/Library/Frameworks/Accelerate.framework/Versions/A/Frameworks/vecLib.framework/Versions/A/libvMisc.dylib
0x00007ff813e46000 	/System/Library/Frameworks/Accelerate.framework/Versions/A/Frameworks/vecLib.framework/Versions/A/libvDSP.dylib
0x00007ff80a555000 	/System/Library/Frameworks/Accelerate.framework/Versions/A/Frameworks/vecLib.framework/Versions/A/libBLAS.dylib
0x00007ff815142000 	/System/Library/Frameworks/Accelerate.framework/Versions/A/Frameworks/vecLib.framework/Versions/A/libLAPACK.dylib
0x00007ff814494000 	/System/Library/Frameworks/Accelerate.framework/Versions/A/Frameworks/vecLib.framework/Versions/A/libLinearAlgebra.dylib
0x00007ff81504b000 	/System/Library/Frameworks/Accelerate.framework/Versions/A/Frameworks/vecLib.framework/Versions/A/libSparseBLAS.dylib
0x00007ff81513c000 	/System/Library/Frameworks/Accelerate.framework/Versions/A/Frameworks/vecLib.framework/Versions/A/libQuadrature.dylib
0x00007ff813819000 	/System/Library/Frameworks/Accelerate.framework/Versions/A/Frameworks/vecLib.framework/Versions/A/libBNNS.dylib
0x00007ff80a72a000 	/System/Library/Frameworks/Accelerate.framework/Versions/A/Frameworks/vecLib.framework/Versions/A/libSparse.dylib
0x00007ff813812000 	/System/Library/PrivateFrameworks/LinguisticData.framework/Versions/A/LinguisticData
0x00007ff80a6df000 	/System/Library/PrivateFrameworks/Lexicon.framework/Versions/A/Lexicon
0x00007ff815601000 	/usr/lib/libChineseTokenizer.dylib
0x00007ff80ae43000 	/System/Library/PrivateFrameworks/LanguageModeling.framework/Versions/A/LanguageModeling
0x00007ff81500f000 	/System/Library/PrivateFrameworks/AppleSauce.framework/Versions/A/AppleSauce
0x00007ff814040000 	/System/Library/PrivateFrameworks/CoreEmoji.framework/Versions/A/CoreEmoji
0x00007ff814f0e000 	/usr/lib/libcmph.dylib
0x00007ff8117a4000 	/System/Library/Frameworks/OpenDirectory.framework/Versions/A/Frameworks/CFOpenDirectory.framework/Versions/A/CFOpenDirectory
0x00007ff811798000 	/System/Library/Frameworks/OpenDirectory.framework/Versions/A/OpenDirectory
0x00007ff81555a000 	/System/Library/PrivateFrameworks/APFS.framework/Versions/A/APFS
0x00007ff814361000 	/System/Library/Frameworks/SecurityFoundation.framework/Versions/A/SecurityFoundation
0x00007ff8155d5000 	/usr/lib/libutil.dylib
0x00007ff80c520000 	/System/Library/PrivateFrameworks/CoreServicesStore.framework/Versions/A/CoreServicesStore
0x00007ff8155d9000 	/usr/lib/libxslt.1.dylib
0x00007ff8143ee000 	/System/Library/PrivateFrameworks/BackgroundTaskManagement.framework/Versions/A/BackgroundTaskManagement
0x00007ff816b02000 	/System/Library/Frameworks/ImageIO.framework/Versions/A/Resources/libRadiance.dylib
0x00007ff816b0b000 	/System/Library/Frameworks/ImageIO.framework/Versions/A/Resources/libJPEG.dylib
0x00007ff816a5c000 	/System/Library/Frameworks/ImageIO.framework/Versions/A/Resources/libPng.dylib
0x00007ff816a7d000 	/System/Library/Frameworks/ImageIO.framework/Versions/A/Resources/libTIFF.dylib
0x00007ff816b69000 	/System/Library/Frameworks/ImageIO.framework/Versions/A/Resources/libGIF.dylib
0x00007ff816391000 	/System/Library/Frameworks/ImageIO.framework/Versions/A/Resources/libJP2.dylib
0x00007ff815ad3000 	/usr/lib/libexpat.1.dylib
0x00007ff816346000 	/System/Library/PrivateFrameworks/AppleJPEG.framework/Versions/A/AppleJPEG
0x00007ff812c70000 	/System/Library/PrivateFrameworks/FontServices.framework/libFontParser.dylib
0x00007ff810320000 	/System/Library/PrivateFrameworks/RunningBoardServices.framework/Versions/A/RunningBoardServices
0x00007ff8212d9000 	/System/Library/PrivateFrameworks/IOSurfaceAccelerator.framework/Versions/A/IOSurfaceAccelerator
0x00007ff816470000 	/System/Library/PrivateFrameworks/WatchdogClient.framework/Versions/A/WatchdogClient
0x00007ff80af32000 	/System/Library/Frameworks/CoreDisplay.framework/Versions/A/CoreDisplay
0x00007ff812b6f000 	/System/Library/Frameworks/CoreMedia.framework/Versions/A/CoreMedia
0x00007ff812a0c000 	/System/Library/PrivateFrameworks/IOAccelerator.framework/Versions/A/IOAccelerator
0x00007ff811920000 	/System/Library/Frameworks/CoreVideo.framework/Versions/A/CoreVideo
0x00007ff81505e000 	/System/Library/Frameworks/MetalPerformanceShaders.framework/Versions/A/MetalPerformanceShaders
0x00007ff8164ab000 	/System/Library/Frameworks/VideoToolbox.framework/Versions/A/VideoToolbox
0x00007ff810268000 	/System/Library/PrivateFrameworks/BaseBoard.framework/Versions/A/BaseBoard
0x00007ff80fff9000 	/System/Library/PrivateFrameworks/ProtocolBuffer.framework/Versions/A/ProtocolBuffer
0x00007ff816afb000 	/System/Library/PrivateFrameworks/GPUWrangler.framework/Versions/A/GPUWrangler
0x00007ff816ade000 	/System/Library/PrivateFrameworks/IOPresentment.framework/Versions/A/IOPresentment
0x00007ff816b05000 	/System/Library/PrivateFrameworks/DSExternalDisplay.framework/Versions/A/DSExternalDisplay
0x00007ffa22085000 	/System/Library/Frameworks/OpenGL.framework/Versions/A/Libraries/libCoreFSCache.dylib
0x00007ffb0df70000 	/System/Library/PrivateFrameworks/GPUCompiler.framework/Versions/31001/Libraries/libGPUCompilerUtils.dylib
0x00007ff816b6e000 	/System/Library/PrivateFrameworks/CMCaptureCore.framework/Versions/A/CMCaptureCore
0x00007ff81607f000 	/System/Library/PrivateFrameworks/AppServerSupport.framework/Versions/A/AppServerSupport
0x00007ff818255000 	/System/Library/PrivateFrameworks/perfdata.framework/Versions/A/perfdata
0x00007ff80b05e000 	/System/Library/PrivateFrameworks/AudioToolboxCore.framework/Versions/A/AudioToolboxCore
0x00007ff812b4c000 	/System/Library/PrivateFrameworks/caulk.framework/Versions/A/caulk
0x00007ff817b79000 	/usr/lib/libAudioStatistics.dylib
0x00007ff90ee40000 	/System/Library/PrivateFrameworks/SystemPolicy.framework/Versions/A/SystemPolicy
0x00007ff817dce000 	/usr/lib/libSMC.dylib
0x00007ff820c12000 	/System/Library/Frameworks/CoreMIDI.framework/Versions/A/CoreMIDI
0x00007ff816a2c000 	/usr/lib/libAudioToolboxUtility.dylib
0x00007ff90b252000 	/System/Library/PrivateFrameworks/OSAServicesClient.framework/Versions/A/OSAServicesClient
0x00007ff818262000 	/usr/lib/libperfcheck.dylib
0x00007ff90f8d2000 	/usr/lib/libmis.dylib
0x00007ffa220e1000 	/System/Library/Frameworks/OpenGL.framework/Versions/A/Libraries/libGLU.dylib
0x00007ffa220a4000 	/System/Library/Frameworks/OpenGL.framework/Versions/A/Libraries/libGFXShared.dylib
0x00007ffa222b2000 	/System/Library/Frameworks/OpenGL.framework/Versions/A/Libraries/libGL.dylib
0x00007ffa220ad000 	/System/Library/Frameworks/OpenGL.framework/Versions/A/Libraries/libGLImage.dylib
0x00007ffa220a1000 	/System/Library/Frameworks/OpenGL.framework/Versions/A/Libraries/libCVMSPluginSupport.dylib
0x00007ffa2208c000 	/System/Library/Frameworks/OpenGL.framework/Versions/A/Libraries/libCoreVMClient.dylib
0x00007ff8136ad000 	/System/Library/Frameworks/MetalPerformanceShaders.framework/Versions/A/Frameworks/MPSCore.framework/Versions/A/MPSCore
0x00007ff8149f7000 	/System/Library/Frameworks/MetalPerformanceShaders.framework/Versions/A/Frameworks/MPSImage.framework/Versions/A/MPSImage
0x00007ff8144aa000 	/System/Library/Frameworks/MetalPerformanceShaders.framework/Versions/A/Frameworks/MPSNeuralNetwork.framework/Versions/A/MPSNeuralNetwork
0x00007ff81491f000 	/System/Library/Frameworks/MetalPerformanceShaders.framework/Versions/A/Frameworks/MPSMatrix.framework/Versions/A/MPSMatrix
0x00007ff8146db000 	/System/Library/Frameworks/MetalPerformanceShaders.framework/Versions/A/Frameworks/MPSRayIntersector.framework/Versions/A/MPSRayIntersector
0x00007ff814958000 	/System/Library/Frameworks/MetalPerformanceShaders.framework/Versions/A/Frameworks/MPSNDArray.framework/Versions/A/MPSNDArray
0x00007ffa26ca3000 	/System/Library/Frameworks/MetalPerformanceShaders.framework/Versions/A/Frameworks/MPSFunctions.framework/Versions/A/MPSFunctions
0x00007ff80a438000 	/System/Library/PrivateFrameworks/MetalTools.framework/Versions/A/MetalTools
0x00007ff813727000 	/System/Library/PrivateFrameworks/AggregateDictionary.framework/Versions/A/AggregateDictionary
0x00007ff8158b5000 	/usr/lib/libIOReport.dylib
0x00007ffa236c1000 	/System/Library/Frameworks/OpenCL.framework/Versions/A/OpenCL
0x00007ff815c19000 	/System/Library/PrivateFrameworks/FaceCore.framework/Versions/A/FaceCore
0x00007ff815c0a000 	/System/Library/PrivateFrameworks/GraphVisualizer.framework/Versions/A/GraphVisualizer
0x00007ffb0de7b000 	/System/Library/PrivateFrameworks/FontServices.framework/Versions/A/FontServices
0x00007ff816036000 	/System/Library/PrivateFrameworks/OTSVG.framework/Versions/A/OTSVG
0x00007ff811508000 	/System/Library/Frameworks/ApplicationServices.framework/Versions/A/Frameworks/ATS.framework/Versions/A/Resources/libFontRegistry.dylib
0x00007ff816087000 	/System/Library/PrivateFrameworks/FontServices.framework/libhvf.dylib
0x00007ffb0de7c000 	/System/Library/PrivateFrameworks/FontServices.framework/libXTFontStaticRegistryData.dylib
0x00007ff815a83000 	/System/Library/PrivateFrameworks/AppleVA.framework/Versions/A/AppleVA
0x00007ff817b9d000 	/System/Library/Frameworks/ApplicationServices.framework/Versions/A/Frameworks/ATS.framework/Versions/A/ATS
0x00007ff80f713000 	/System/Library/Frameworks/ApplicationServices.framework/Versions/A/Frameworks/HIServices.framework/Versions/A/HIServices
0x00007ff816b78000 	/System/Library/Frameworks/ApplicationServices.framework/Versions/A/Frameworks/PrintCore.framework/Versions/A/PrintCore
0x00007ff817f21000 	/System/Library/Frameworks/ApplicationServices.framework/Versions/A/Frameworks/QD.framework/Versions/A/QD
0x00007ff817f19000 	/System/Library/Frameworks/ApplicationServices.framework/Versions/A/Frameworks/ColorSyncLegacy.framework/Versions/A/ColorSyncLegacy
0x00007ff817b8d000 	/System/Library/Frameworks/ApplicationServices.framework/Versions/A/Frameworks/SpeechSynthesis.framework/Versions/A/SpeechSynthesis
0x00007ff816b39000 	/System/Library/Frameworks/ApplicationServices.framework/Versions/A/Frameworks/ATSUI.framework/Versions/A/ATSUI
0x00007ff817eae000 	/usr/lib/libcups.2.dylib
0x00007ff818271000 	/System/Library/Frameworks/Kerberos.framework/Versions/A/Kerberos
0x00007ff818280000 	/System/Library/Frameworks/GSS.framework/Versions/A/GSS
0x00007ff817c09000 	/usr/lib/libresolv.9.dylib
0x00007ff816096000 	/System/Library/PrivateFrameworks/Heimdal.framework/Versions/A/Heimdal
0x00007ff81ed69000 	/System/Library/Frameworks/Kerberos.framework/Versions/A/Libraries/libHeimdalProxy.dylib
0x00007ff8103f5000 	/System/Library/Frameworks/Network.framework/Versions/A/Network
0x00007ff815aed000 	/usr/lib/libheimdal-asn1.dylib
0x00007ff8182cc000 	/System/Library/PrivateFrameworks/CommonAuth.framework/Versions/A/CommonAuth
0x00007ff817b0a000 	/System/Library/PrivateFrameworks/AudioSession.framework/Versions/A/AudioSession
0x00007ff815b7d000 	/System/Library/PrivateFrameworks/MediaExperience.framework/Versions/A/MediaExperience
0x00007ff81799e000 	/System/Library/PrivateFrameworks/AudioSession.framework/libSessionUtility.dylib
0x00007ff817f2d000 	/System/Library/PrivateFrameworks/AudioResourceArbitration.framework/Versions/A/AudioResourceArbitration
0x00007ff81bf1e000 	/System/Library/PrivateFrameworks/PowerLog.framework/Versions/A/PowerLog
0x00007ff815af6000 	/System/Library/PrivateFrameworks/IconFoundation.framework/Versions/A/IconFoundation
0x00007ff81ad38000 	/System/Library/PrivateFrameworks/SpeechRecognitionCore.framework/Versions/A/SpeechRecognitionCore
0x000000010b74a000 	/Library/Java/JavaVirtualMachines/adoptopenjdk-11.jdk/Contents/Home/lib/server/libjvm.dylib
0x000000010aa2e000 	/Library/Java/JavaVirtualMachines/adoptopenjdk-11.jdk/Contents/Home/lib/libverify.dylib
0x000000010aa53000 	/Library/Java/JavaVirtualMachines/adoptopenjdk-11.jdk/Contents/Home/lib/libjava.dylib
0x000000010a9c0000 	/Library/Java/JavaVirtualMachines/adoptopenjdk-11.jdk/Contents/Home/lib/libjimage.dylib
0x000000010aaca000 	/Library/Java/JavaVirtualMachines/adoptopenjdk-11.jdk/Contents/Home/lib/libinstrument.dylib
0x000000010ab81000 	/private/var/folders/jw/b8zlm93s1fjghcyg_2cl67940000gn/T/libasyncProfiler.so
0x000000010ab3a000 	/Library/Java/JavaVirtualMachines/adoptopenjdk-11.jdk/Contents/Home/lib/libzip.dylib
0x000000012e3cc000 	/Library/Java/JavaVirtualMachines/adoptopenjdk-11.jdk/Contents/Home/lib/libnio.dylib
0x000000012e411000 	/Library/Java/JavaVirtualMachines/adoptopenjdk-11.jdk/Contents/Home/lib/libnet.dylib
0x000000012e473000 	/Library/Java/JavaVirtualMachines/adoptopenjdk-11.jdk/Contents/Home/lib/libextnet.dylib
0x000000012e5ec000 	/Library/Java/JavaVirtualMachines/adoptopenjdk-11.jdk/Contents/Home/lib/libmanagement.dylib
0x000000012e60b000 	/Library/Java/JavaVirtualMachines/adoptopenjdk-11.jdk/Contents/Home/lib/libmanagement_ext.dylib


VM Arguments:
jvm_args: -XX:TieredStopAtLevel=1 -Xverify:none -Dspring.output.ansi.enabled=always -Dcom.sun.management.jmxremote -Dspring.jmx.enabled=true -Dspring.liveBeansView.mbeanDomain -Dspring.application.admin.enabled=true -javaagent:/Applications/IntelliJ IDEA.app/Contents/lib/idea_rt.jar=64047:/Applications/IntelliJ IDEA.app/Contents/bin -agentpath:/private/var/folders/jw/b8zlm93s1fjghcyg_2cl67940000gn/T/libasyncProfiler.so=start,jfr,event=cpu,interval=1ms,event=alloc,file=/Users/aniket.ghosh/FinalProjectApplication_2022_01_27_125144.jfr -Dfile.encoding=UTF-8 
java_command: com.example.finalproject.FinalProjectApplication
java_class_path (initial): /Users/aniket.ghosh/Downloads/web-customer-tracker/finalProject/target/classes:/Users/aniket.ghosh/.m2/repository/org/springframework/boot/spring-boot-starter-web/2.6.3/spring-boot-starter-web-2.6.3.jar:/Users/aniket.ghosh/.m2/repository/org/springframework/boot/spring-boot-starter/2.6.3/spring-boot-starter-2.6.3.jar:/Users/aniket.ghosh/.m2/repository/org/springframework/boot/spring-boot/2.6.3/spring-boot-2.6.3.jar:/Users/aniket.ghosh/.m2/repository/org/springframework/boot/spring-boot-autoconfigure/2.6.3/spring-boot-autoconfigure-2.6.3.jar:/Users/aniket.ghosh/.m2/repository/org/springframework/boot/spring-boot-starter-logging/2.6.3/spring-boot-starter-logging-2.6.3.jar:/Users/aniket.ghosh/.m2/repository/ch/qos/logback/logback-classic/1.2.10/logback-classic-1.2.10.jar:/Users/aniket.ghosh/.m2/repository/ch/qos/logback/logback-core/1.2.10/logback-core-1.2.10.jar:/Users/aniket.ghosh/.m2/repository/org/apache/logging/log4j/log4j-to-slf4j/2.17.1/log4j-to-slf4j-2.17.1.jar:/Users/aniket.ghosh/.m2/repository/org/apache/logging/log4j/log4j-api/2.17.1/log4j-api-2.17.1.jar:/Users/aniket.ghosh/.m2/repository/org/slf4j/jul-to-slf4j/1.7.33/jul-to-slf4j-1.7.33.jar:/Users/aniket.ghosh/.m2/repository/jakarta/annotation/jakarta.annotation-api/1.3.5/jakarta.annotation-api-1.3.5.jar:/Users/aniket.ghosh/.m2/repository/org/yaml/snakeyaml/1.29/snakeyaml-1.29.jar:/Users/aniket.ghosh/.m2/repository/org/springframework/boot/spring-boot-starter-json/2.6.3/spring-boot-starter-json-2.6.3.jar:/Users/aniket.ghosh/.m2/repository/com/fasterxml/jackson/core/jackson-databind/2.13.1/jackson-databind-2.13.1.jar:/Users/aniket.ghosh/.m2/repository/com/fasterxml/jackson/core/jackson-annotations/2.13.1/jackson-annotations-2.13.1.jar:/Users/aniket.ghosh/.m2/repository/com/fasterxml/jackson/core/jackson-core/2.13.1/jackson-core-2.13.1.jar:/Users/aniket.ghosh/.m2/repository/com/fasterxml/jackson/datatype/jackson-datatype-jdk8/2.13.1/jackson-datatype-jdk8-2.13.1.jar:/Users/aniket.g
Launcher Type: SUN_STANDARD

[Global flags]
     bool BytecodeVerificationLocal                = false                                     {product} {command line}
     bool BytecodeVerificationRemote               = false                                     {product} {command line}
     intx CICompilerCount                          = 4                                         {product} {ergonomic}
     uint ConcGCThreads                            = 2                                         {product} {ergonomic}
     uint G1ConcRefinementThreads                  = 8                                         {product} {ergonomic}
   size_t G1HeapRegionSize                         = 1048576                                   {product} {ergonomic}
    uintx GCDrainStackTargetSize                   = 64                                        {product} {ergonomic}
   size_t InitialHeapSize                          = 134217728                                 {product} {ergonomic}
     bool ManagementServer                         = true                                      {product} {command line}
   size_t MarkStackSize                            = 4194304                                   {product} {ergonomic}
   size_t MaxHeapSize                              = 2147483648                                {product} {ergonomic}
   size_t MaxNewSize                               = 1287651328                                {product} {ergonomic}
   size_t MinHeapDeltaBytes                        = 1048576                                   {product} {ergonomic}
    uintx NonNMethodCodeHeapSize                   = 7549744                                {pd product} {ergonomic}
    uintx NonProfiledCodeHeapSize                  = 244108496                              {pd product} {ergonomic}
    uintx ProfiledCodeHeapSize                     = 0                                      {pd product} {ergonomic}
    uintx ReservedCodeCacheSize                    = 251658240                              {pd product} {ergonomic}
     bool SegmentedCodeCache                       = true                                      {product} {ergonomic}
     intx TieredStopAtLevel                        = 1                                         {product} {command line}
     bool UseCompressedClassPointers               = true                                 {lp64_product} {ergonomic}
     bool UseCompressedOops                        = true                                 {lp64_product} {ergonomic}
     bool UseG1GC                                  = true                                      {product} {ergonomic}

Logging:
Log output configuration:
 #0: stdout all=warning uptime,level,tags
 #1: stderr all=off uptime,level,tags

Environment Variables:
PATH=/opt/homebrew/bin:/opt/homebrew/sbin:/usr/local/bin:/usr/bin:/bin:/usr/sbin:/sbin
SHELL=/bin/zsh
LC_CTYPE=en_IN.UTF-8

Signal Handlers:
SIGSEGV: [libjvm.dylib+0x7bc7ea], sa_mask[0]=11111111111111111111111111111111, sa_flags=SA_ONSTACK|SA_RESTART|SA_SIGINFO
SIGBUS: [libjvm.dylib+0x7bc7ea], sa_mask[0]=11111111111111111111111111111111, sa_flags=SA_RESTART|SA_SIGINFO
SIGFPE: [libjvm.dylib+0x7bc7ea], sa_mask[0]=11111111111111111111111111111111, sa_flags=SA_RESTART|SA_SIGINFO
SIGPIPE: [libjvm.dylib+0x62226b], sa_mask[0]=11111111111111111111111111111111, sa_flags=SA_RESTART|SA_SIGINFO
SIGXFSZ: [libjvm.dylib+0x62226b], sa_mask[0]=11111111111111111111111111111111, sa_flags=SA_RESTART|SA_SIGINFO
SIGILL: [libjvm.dylib+0x7bc7ea], sa_mask[0]=11111111111111111111111111111111, sa_flags=SA_RESTART|SA_SIGINFO
SIGUSR2: [libjvm.dylib+0x622853], sa_mask[0]=00100000000000000000000000000000, sa_flags=SA_RESTART|SA_SIGINFO
SIGHUP: [libjvm.dylib+0x6213f1], sa_mask[0]=11111111111111111111111111111111, sa_flags=SA_RESTART|SA_SIGINFO
SIGINT: [libjvm.dylib+0x6213f1], sa_mask[0]=11111111111111111111111111111111, sa_flags=SA_RESTART|SA_SIGINFO
SIGTERM: [libjvm.dylib+0x6213f1], sa_mask[0]=11111111111111111111111111111111, sa_flags=SA_RESTART|SA_SIGINFO
SIGQUIT: [libjvm.dylib+0x6213f1], sa_mask[0]=11111111111111111111111111111111, sa_flags=SA_RESTART|SA_SIGINFO


---------------  S Y S T E M  ---------------

OS:uname:Darwin 21.2.0 Darwin Kernel Version 21.2.0: Sun Nov 28 20:29:10 PST 2021; root:xnu-8019.61.5~1/RELEASE_ARM64_T8101 x86_64
OS uptime: 19 days 18:05 hours
rlimit (soft/hard): STACK 8176k/65520k , CORE 0k/infinity , NPROC 1333/2000 , NOFILE 10240/infinity , AS infinity/infinity , CPU infinity/infinity , DATA infinity/infinity , FSIZE infinity/infinity , MEMLOCK infinity/infinity , RSS infinity/infinity
load average:1.27 1.52 1.64

CPU:total 8 (initial active 8) (1 cores per cpu, 1 threads per core) family 6 model 44 stepping 0 microcode 0x0, cmov, cx8, fxsr, mmx, sse, sse2, sse3, ssse3, sse4.1, sse4.2, popcnt, aes, clmul, tsc, tscinvbit, tscinv

Memory: 4k page, physical 8388608k(42088k free), swap 2097152k(589312k free)

vm_info: OpenJDK 64-Bit Server VM (11.0.11+9) for bsd-amd64 JRE (11.0.11+9), built on Apr 20 2021 22:06:18 by "jenkins" with gcc 4.2.1 Compatible Apple LLVM 10.0.1 (clang-1001.0.46.4)

END.
